<?xml version="1.0" encoding="UTF-8"?>
<!-- Generated by org.testng.reporters.JUnitXMLReporter -->
<testsuite ignored="6" hostname="DESKTOP-EMHMAKE" failures="0" tests="12" name="test" time="71.385" errors="0" timestamp="2025-03-16T16:56:28 IST">
  <testcase classname="testcases.TS_01_ZigwheelsHomePage" name="TC_01_verifyDirectedToCorrectSite" time="0.139"/>
  <testcase classname="testcases.TS_01_ZigwheelsHomePage" name="TC_02_verifyDirectedToUpcomingBikes" time="12.109"/>
  <testcase classname="testcases.TS_02_UpcomingHondaBikes" name="TC_03_verifySelectedManfufacturerHonda" time="1.61"/>
  <testcase classname="testcases.TS_02_UpcomingHondaBikes" name="TC_04_verifyBikeNameForUpcomingHondaBikes" time="2.833"/>
  <testcase classname="testcases.TS_02_UpcomingHondaBikes" name="TC_05_verifyBikePricesForUpcomingHondaBikes" time="1.229"/>
  <testcase classname="testcases.TS_02_UpcomingHondaBikes" name="TC_06_verifyBikeReleaseDatesForUpcomingHondaBikes" time="0.884"/>
  <testcase classname="testcases.TS_02_UpcomingHondaBikes" name="TC_07_extractHondaBikes4lac" time="1.777"/>
  <testcase classname="testcases.TS_03_UsedCarModels" name="TC_08_verifyDirectedToUsedCarsChennai" time="15.33"/>
  <testcase classname="testcases.TS_03_UsedCarModels" name="TC_09_extarctUsedCarsModel" time="2.869"/>
  <testcase classname="testcases.TS_04_UserLogin" name="TC_10_verifyLoginIsDisplayed" time="1.245"/>
  <testcase classname="testcases.TS_04_UserLogin" name="TC_11_verifyDirectedTogoogleSign" time="0.032"/>
  <testcase classname="testcases.TS_04_UserLogin" name="TC_12_verifyErrorMsg" time="5.822"/>
  <testcase classname="testbase.BaseClass" name="@BeforeTest setup" time="0.0">
    <ignored/>
  </testcase> <!-- @BeforeTest setup -->
  <testcase classname="testbase.BaseClass" name="@BeforeTest setup" time="0.0">
    <ignored/>
  </testcase> <!-- @BeforeTest setup -->
  <testcase classname="testbase.BaseClass" name="@AfterTest tearDown" time="0.0">
    <ignored/>
  </testcase> <!-- @AfterTest tearDown -->
  <testcase classname="testbase.BaseClass" name="@AfterTest tearDown" time="0.0">
    <ignored/>
  </testcase> <!-- @AfterTest tearDown -->
  <testcase classname="testbase.BaseClass" name="@AfterTest tearDown" time="0.0">
    <ignored/>
  </testcase> <!-- @AfterTest tearDown -->
  <testcase classname="testbase.BaseClass" name="@BeforeTest setup" time="0.0">
    <ignored/>
  </testcase> <!-- @BeforeTest setup -->
</testsuite> <!-- test -->
