<?xml version="1.0" encoding="UTF-8"?>
<testng-results ignored="0" total="12" passed="12" failed="0" skipped="0">
  <reporter-output>
  </reporter-output>
  <suite started-at="2025-03-16T16:55:15 IST" name="Suite" finished-at="2025-03-16T16:56:26 IST" duration-ms="71385">
    <groups>
      <group name="regression">
        <method signature="TS_01_ZigwheelsHomePage.TC_02_verifyDirectedToUpcomingBikes()[pri:2, instance:testcases.TS_01_ZigwheelsHomePage@24269709]" name="TC_02_verifyDirectedToUpcomingBikes" class="testcases.TS_01_ZigwheelsHomePage"/>
      </group> <!-- regression -->
      <group name="smoke">
        <method signature="TS_01_ZigwheelsHomePage.TC_01_verifyDirectedToCorrectSite()[pri:1, instance:testcases.TS_01_ZigwheelsHomePage@24269709]" name="TC_01_verifyDirectedToCorrectSite" class="testcases.TS_01_ZigwheelsHomePage"/>
        <method signature="TS_02_UpcomingHondaBikes.TC_03_verifySelectedManfufacturerHonda()[pri:3, instance:testcases.TS_02_UpcomingHondaBikes@2925bf5b]" name="TC_03_verifySelectedManfufacturerHonda" class="testcases.TS_02_UpcomingHondaBikes"/>
        <method signature="TS_03_UsedCarModels.TC_08_verifyDirectedToUsedCarsChennai()[pri:8, instance:testcases.TS_03_UsedCarModels@710f4dc7]" name="TC_08_verifyDirectedToUsedCarsChennai" class="testcases.TS_03_UsedCarModels"/>
      </group> <!-- smoke -->
      <group name="sanity">
        <method signature="TS_02_UpcomingHondaBikes.TC_04_verifyBikeNameForUpcomingHondaBikes()[pri:4, instance:testcases.TS_02_UpcomingHondaBikes@2925bf5b]" name="TC_04_verifyBikeNameForUpcomingHondaBikes" class="testcases.TS_02_UpcomingHondaBikes"/>
        <method signature="TS_02_UpcomingHondaBikes.TC_05_verifyBikePricesForUpcomingHondaBikes()[pri:5, instance:testcases.TS_02_UpcomingHondaBikes@2925bf5b]" name="TC_05_verifyBikePricesForUpcomingHondaBikes" class="testcases.TS_02_UpcomingHondaBikes"/>
        <method signature="TS_02_UpcomingHondaBikes.TC_06_verifyBikeReleaseDatesForUpcomingHondaBikes()[pri:6, instance:testcases.TS_02_UpcomingHondaBikes@2925bf5b]" name="TC_06_verifyBikeReleaseDatesForUpcomingHondaBikes" class="testcases.TS_02_UpcomingHondaBikes"/>
        <method signature="TS_02_UpcomingHondaBikes.TC_07_extractHondaBikes4lac()[pri:7, instance:testcases.TS_02_UpcomingHondaBikes@2925bf5b]" name="TC_07_extractHondaBikes4lac" class="testcases.TS_02_UpcomingHondaBikes"/>
        <method signature="TS_03_UsedCarModels.TC_09_extarctUsedCarsModel()[pri:9, instance:testcases.TS_03_UsedCarModels@710f4dc7]" name="TC_09_extarctUsedCarsModel" class="testcases.TS_03_UsedCarModels"/>
        <method signature="TS_04_UserLogin.TC_10_verifyLoginIsDisplayed()[pri:10, instance:testcases.TS_04_UserLogin@1ff4931d]" name="TC_10_verifyLoginIsDisplayed" class="testcases.TS_04_UserLogin"/>
        <method signature="TS_04_UserLogin.TC_11_verifyDirectedTogoogleSign()[pri:11, instance:testcases.TS_04_UserLogin@1ff4931d]" name="TC_11_verifyDirectedTogoogleSign" class="testcases.TS_04_UserLogin"/>
        <method signature="TS_04_UserLogin.TC_12_verifyErrorMsg()[pri:12, instance:testcases.TS_04_UserLogin@1ff4931d]" name="TC_12_verifyErrorMsg" class="testcases.TS_04_UserLogin"/>
      </group> <!-- sanity -->
      <group name="master">
        <method signature="TS_01_ZigwheelsHomePage.TC_01_verifyDirectedToCorrectSite()[pri:1, instance:testcases.TS_01_ZigwheelsHomePage@24269709]" name="TC_01_verifyDirectedToCorrectSite" class="testcases.TS_01_ZigwheelsHomePage"/>
        <method signature="TS_01_ZigwheelsHomePage.TC_02_verifyDirectedToUpcomingBikes()[pri:2, instance:testcases.TS_01_ZigwheelsHomePage@24269709]" name="TC_02_verifyDirectedToUpcomingBikes" class="testcases.TS_01_ZigwheelsHomePage"/>
        <method signature="TS_02_UpcomingHondaBikes.TC_03_verifySelectedManfufacturerHonda()[pri:3, instance:testcases.TS_02_UpcomingHondaBikes@2925bf5b]" name="TC_03_verifySelectedManfufacturerHonda" class="testcases.TS_02_UpcomingHondaBikes"/>
        <method signature="TS_02_UpcomingHondaBikes.TC_04_verifyBikeNameForUpcomingHondaBikes()[pri:4, instance:testcases.TS_02_UpcomingHondaBikes@2925bf5b]" name="TC_04_verifyBikeNameForUpcomingHondaBikes" class="testcases.TS_02_UpcomingHondaBikes"/>
        <method signature="TS_02_UpcomingHondaBikes.TC_05_verifyBikePricesForUpcomingHondaBikes()[pri:5, instance:testcases.TS_02_UpcomingHondaBikes@2925bf5b]" name="TC_05_verifyBikePricesForUpcomingHondaBikes" class="testcases.TS_02_UpcomingHondaBikes"/>
        <method signature="TS_02_UpcomingHondaBikes.TC_06_verifyBikeReleaseDatesForUpcomingHondaBikes()[pri:6, instance:testcases.TS_02_UpcomingHondaBikes@2925bf5b]" name="TC_06_verifyBikeReleaseDatesForUpcomingHondaBikes" class="testcases.TS_02_UpcomingHondaBikes"/>
        <method signature="TS_02_UpcomingHondaBikes.TC_07_extractHondaBikes4lac()[pri:7, instance:testcases.TS_02_UpcomingHondaBikes@2925bf5b]" name="TC_07_extractHondaBikes4lac" class="testcases.TS_02_UpcomingHondaBikes"/>
        <method signature="TS_03_UsedCarModels.TC_08_verifyDirectedToUsedCarsChennai()[pri:8, instance:testcases.TS_03_UsedCarModels@710f4dc7]" name="TC_08_verifyDirectedToUsedCarsChennai" class="testcases.TS_03_UsedCarModels"/>
        <method signature="TS_03_UsedCarModels.TC_09_extarctUsedCarsModel()[pri:9, instance:testcases.TS_03_UsedCarModels@710f4dc7]" name="TC_09_extarctUsedCarsModel" class="testcases.TS_03_UsedCarModels"/>
        <method signature="TS_04_UserLogin.TC_10_verifyLoginIsDisplayed()[pri:10, instance:testcases.TS_04_UserLogin@1ff4931d]" name="TC_10_verifyLoginIsDisplayed" class="testcases.TS_04_UserLogin"/>
        <method signature="TS_04_UserLogin.TC_11_verifyDirectedTogoogleSign()[pri:11, instance:testcases.TS_04_UserLogin@1ff4931d]" name="TC_11_verifyDirectedTogoogleSign" class="testcases.TS_04_UserLogin"/>
        <method signature="TS_04_UserLogin.TC_12_verifyErrorMsg()[pri:12, instance:testcases.TS_04_UserLogin@1ff4931d]" name="TC_12_verifyErrorMsg" class="testcases.TS_04_UserLogin"/>
      </group> <!-- master -->
    </groups>
    <test started-at="2025-03-16T16:55:15 IST" name="test" finished-at="2025-03-16T16:56:26 IST" duration-ms="71385">
      <class name="testcases.TS_01_ZigwheelsHomePage">
        <test-method is-config="true" signature="setup(java.lang.String,java.lang.String)[pri:0, instance:testcases.TS_01_ZigwheelsHomePage@24269709]" started-at="2025-03-16T16:55:15 IST" name="setup" finished-at="2025-03-16T16:55:27 IST" duration-ms="11896" status="PASS">
          <params>
            <param index="0">
              <value>
                <![CDATA[chrome]]>
              </value>
            </param>
            <param index="1">
              <value>
                <![CDATA[windows]]>
              </value>
            </param>
          </params>
          <reporter-output>
          </reporter-output>
        </test-method> <!-- setup -->
        <test-method signature="TC_01_verifyDirectedToCorrectSite()[pri:1, instance:testcases.TS_01_ZigwheelsHomePage@24269709]" started-at="2025-03-16T16:55:27 IST" name="TC_01_verifyDirectedToCorrectSite" finished-at="2025-03-16T16:55:27 IST" duration-ms="139" status="PASS">
          <reporter-output>
          </reporter-output>
        </test-method> <!-- TC_01_verifyDirectedToCorrectSite -->
        <test-method signature="TC_02_verifyDirectedToUpcomingBikes()[pri:2, instance:testcases.TS_01_ZigwheelsHomePage@24269709]" started-at="2025-03-16T16:55:28 IST" name="TC_02_verifyDirectedToUpcomingBikes" finished-at="2025-03-16T16:55:40 IST" duration-ms="12109" status="PASS">
          <reporter-output>
          </reporter-output>
        </test-method> <!-- TC_02_verifyDirectedToUpcomingBikes -->
        <test-method is-config="true" signature="tearDown()[pri:0, instance:testcases.TS_01_ZigwheelsHomePage@24269709]" started-at="2025-03-16T16:56:26 IST" name="tearDown" finished-at="2025-03-16T16:56:26 IST" duration-ms="484" status="PASS">
          <reporter-output>
          </reporter-output>
        </test-method> <!-- tearDown -->
      </class> <!-- testcases.TS_01_ZigwheelsHomePage -->
      <class name="testcases.TS_04_UserLogin">
        <test-method signature="TC_10_verifyLoginIsDisplayed()[pri:10, instance:testcases.TS_04_UserLogin@1ff4931d]" started-at="2025-03-16T16:56:12 IST" name="TC_10_verifyLoginIsDisplayed" finished-at="2025-03-16T16:56:13 IST" duration-ms="1245" status="PASS">
          <reporter-output>
          </reporter-output>
        </test-method> <!-- TC_10_verifyLoginIsDisplayed -->
        <test-method signature="TC_11_verifyDirectedTogoogleSign()[pri:11, instance:testcases.TS_04_UserLogin@1ff4931d]" started-at="2025-03-16T16:56:20 IST" name="TC_11_verifyDirectedTogoogleSign" finished-at="2025-03-16T16:56:20 IST" duration-ms="32" status="PASS">
          <reporter-output>
          </reporter-output>
        </test-method> <!-- TC_11_verifyDirectedTogoogleSign -->
        <test-method signature="TC_12_verifyErrorMsg()[pri:12, instance:testcases.TS_04_UserLogin@1ff4931d]" started-at="2025-03-16T16:56:20 IST" name="TC_12_verifyErrorMsg" finished-at="2025-03-16T16:56:26 IST" duration-ms="5822" status="PASS">
          <reporter-output>
          </reporter-output>
        </test-method> <!-- TC_12_verifyErrorMsg -->
      </class> <!-- testcases.TS_04_UserLogin -->
      <class name="testcases.TS_02_UpcomingHondaBikes">
        <test-method signature="TC_03_verifySelectedManfufacturerHonda()[pri:3, instance:testcases.TS_02_UpcomingHondaBikes@2925bf5b]" started-at="2025-03-16T16:55:40 IST" name="TC_03_verifySelectedManfufacturerHonda" finished-at="2025-03-16T16:55:42 IST" duration-ms="1610" status="PASS">
          <reporter-output>
          </reporter-output>
        </test-method> <!-- TC_03_verifySelectedManfufacturerHonda -->
        <test-method signature="TC_04_verifyBikeNameForUpcomingHondaBikes()[pri:4, instance:testcases.TS_02_UpcomingHondaBikes@2925bf5b]" started-at="2025-03-16T16:55:42 IST" name="TC_04_verifyBikeNameForUpcomingHondaBikes" finished-at="2025-03-16T16:55:45 IST" duration-ms="2833" status="PASS">
          <reporter-output>
          </reporter-output>
        </test-method> <!-- TC_04_verifyBikeNameForUpcomingHondaBikes -->
        <test-method signature="TC_05_verifyBikePricesForUpcomingHondaBikes()[pri:5, instance:testcases.TS_02_UpcomingHondaBikes@2925bf5b]" started-at="2025-03-16T16:55:46 IST" name="TC_05_verifyBikePricesForUpcomingHondaBikes" finished-at="2025-03-16T16:55:48 IST" duration-ms="1229" status="PASS">
          <reporter-output>
          </reporter-output>
        </test-method> <!-- TC_05_verifyBikePricesForUpcomingHondaBikes -->
        <test-method signature="TC_06_verifyBikeReleaseDatesForUpcomingHondaBikes()[pri:6, instance:testcases.TS_02_UpcomingHondaBikes@2925bf5b]" started-at="2025-03-16T16:55:48 IST" name="TC_06_verifyBikeReleaseDatesForUpcomingHondaBikes" finished-at="2025-03-16T16:55:49 IST" duration-ms="884" status="PASS">
          <reporter-output>
          </reporter-output>
        </test-method> <!-- TC_06_verifyBikeReleaseDatesForUpcomingHondaBikes -->
        <test-method signature="TC_07_extractHondaBikes4lac()[pri:7, instance:testcases.TS_02_UpcomingHondaBikes@2925bf5b]" started-at="2025-03-16T16:55:49 IST" name="TC_07_extractHondaBikes4lac" finished-at="2025-03-16T16:55:51 IST" duration-ms="1777" status="PASS">
          <reporter-output>
          </reporter-output>
        </test-method> <!-- TC_07_extractHondaBikes4lac -->
      </class> <!-- testcases.TS_02_UpcomingHondaBikes -->
      <class name="testcases.TS_03_UsedCarModels">
        <test-method signature="TC_08_verifyDirectedToUsedCarsChennai()[pri:8, instance:testcases.TS_03_UsedCarModels@710f4dc7]" started-at="2025-03-16T16:55:51 IST" name="TC_08_verifyDirectedToUsedCarsChennai" finished-at="2025-03-16T16:56:06 IST" duration-ms="15330" status="PASS">
          <reporter-output>
          </reporter-output>
        </test-method> <!-- TC_08_verifyDirectedToUsedCarsChennai -->
        <test-method signature="TC_09_extarctUsedCarsModel()[pri:9, instance:testcases.TS_03_UsedCarModels@710f4dc7]" started-at="2025-03-16T16:56:07 IST" name="TC_09_extarctUsedCarsModel" finished-at="2025-03-16T16:56:10 IST" duration-ms="2869" status="PASS">
          <reporter-output>
          </reporter-output>
        </test-method> <!-- TC_09_extarctUsedCarsModel -->
      </class> <!-- testcases.TS_03_UsedCarModels -->
    </test> <!-- test -->
  </suite> <!-- Suite -->
</testng-results>
